<?xml version="1.0" encoding="UTF-8"?>
<!-- Generated by org.testng.reporters.JUnitReportReporter -->
<testsuite hostname="INFAR11357" name="TestGridPackage.testGridSetup" tests="1" failures="0" timestamp="28 Mar 2018 13:31:52 GMT" time="5.498" errors="0">
  <testcase name="simpleTest" time="5.498" classname="TestGridPackage.testGridSetup"/>
</testsuite> <!-- TestGridPackage.testGridSetup -->
