<?xml version="1.0" encoding="UTF-8"?>
<!-- Generated by org.testng.reporters.JUnitReportReporter -->
<testsuite hostname="INFAR11357" name="TestGridPackage.testGridSetup_Chrome" tests="1" failures="0" timestamp="29 Mar 2018 12:05:07 GMT" time="9.028" errors="0">
  <testcase name="simpleTest" time="9.028" classname="TestGridPackage.testGridSetup_Chrome"/>
</testsuite> <!-- TestGridPackage.testGridSetup_Chrome -->
