<?xml version="1.0" encoding="UTF-8"?>
<!-- Generated by org.testng.reporters.JUnitReportReporter -->
<testsuite hostname="INFAR11357" name="Tests.Inputs.RadioButtonTest" tests="3" failures="0" timestamp="26 Apr 2018 09:37:45 GMT" time="6.368" errors="0">
  <testcase name="testFirstRadio" time="3.830" classname="Tests.Inputs.RadioButtonTest"/>
  <testcase name="testThirdRadio" time="1.444" classname="Tests.Inputs.RadioButtonTest"/>
  <testcase name="testSecondRadio" time="1.094" classname="Tests.Inputs.RadioButtonTest"/>
</testsuite> <!-- Tests.Inputs.RadioButtonTest -->
