<?xml version="1.0" encoding="UTF-8"?>
<!-- Generated by org.testng.reporters.JUnitReportReporter -->
<testsuite hostname="INFAR11357" name="Tests.LoginTest" tests="2" failures="0" timestamp="25 Apr 2018 12:11:33 GMT" time="49.028" errors="0">
  <testcase name="loginSuccess" time="24.363" classname="Tests.LoginTest"/>
  <testcase name="loginFail" time="24.665" classname="Tests.LoginTest"/>
</testsuite> <!-- Tests.LoginTest -->
