<?xml version="1.0" encoding="UTF-8"?>
<!-- Generated by org.testng.reporters.JUnitReportReporter -->
<testsuite hostname="INFAR11357" name="Tests.Native.ScrollViewTest" tests="1" failures="0" timestamp="26 Apr 2018 12:24:34 GMT" time="6.172" errors="0">
  <testcase name="testScroll" time="6.172" classname="Tests.Native.ScrollViewTest"/>
</testsuite> <!-- Tests.Native.ScrollViewTest -->
