<?xml version="1.0" encoding="UTF-8"?>
<!-- Generated by org.testng.reporters.JUnitReportReporter -->
<testsuite hostname="INFAR11357" name="Tests.Inputs.SpinnerTest" tests="1" failures="0" timestamp="26 Apr 2018 09:49:52 GMT" time="3.358" errors="0">
  <testcase name="checkIndex" time="3.358" classname="Tests.Inputs.SpinnerTest"/>
</testsuite> <!-- Tests.Inputs.SpinnerTest -->
