<?xml version="1.0" encoding="UTF-8"?>
<!-- Generated by org.testng.reporters.JUnitReportReporter -->
<testsuite hostname="INFAR11357" name="Tests.AlertPageTest" tests="1" failures="0" timestamp="26 Apr 2018 11:52:18 GMT" time="18.624" errors="0">
  <testcase name="testAlertMessage" time="18.624" classname="Tests.AlertPageTest"/>
</testsuite> <!-- Tests.AlertPageTest -->
