<?xml version="1.0" encoding="UTF-8"?>
<!-- Generated by org.testng.reporters.JUnitReportReporter -->
<testsuite hostname="INFAR11357" name="Tests.WebViewTest" tests="1" failures="0" timestamp="26 Apr 2018 13:02:43 GMT" time="30.807" errors="0">
  <testcase name="testWebView" time="30.807" classname="Tests.WebViewTest"/>
</testsuite> <!-- Tests.WebViewTest -->
