<?xml version="1.0" encoding="UTF-8"?>
<!-- Generated by org.testng.reporters.JUnitReportReporter -->
<testsuite hostname="INFAR11357" name="Tests.Inputs.CheckboxTest" tests="1" failures="0" timestamp="26 Apr 2018 08:23:25 GMT" time="1.068" errors="0">
  <testcase name="testCheckBox" time="1.068" classname="Tests.Inputs.CheckboxTest"/>
</testsuite> <!-- Tests.Inputs.CheckboxTest -->
