<?xml version="1.0" encoding="UTF-8"?>
<!-- Generated by org.testng.reporters.JUnitReportReporter -->
<testsuite hostname="INFAR11357" name="Tests.NestedViewsTest" tests="2" failures="0" timestamp="26 Apr 2018 10:11:25 GMT" time="23.990" errors="0">
  <testcase name="testBackButton" time="17.947" classname="Tests.NestedViewsTest"/>
  <testcase name="testUpButton" time="6.043" classname="Tests.NestedViewsTest"/>
</testsuite> <!-- Tests.NestedViewsTest -->
