<?xml version="1.0" encoding="UTF-8"?>
<!-- Generated by org.testng.reporters.JUnitReportReporter -->
<testsuite hostname="INFAR11357" name="Tests.Native.OutOfViewTest" tests="1" failures="0" timestamp="26 Apr 2018 12:23:35 GMT" time="3.947" errors="0">
  <testcase name="scrollOutOfView" time="3.947" classname="Tests.Native.OutOfViewTest"/>
</testsuite> <!-- Tests.Native.OutOfViewTest -->
