<?xml version="1.0" encoding="UTF-8"?>
<!-- Generated by org.testng.reporters.JUnitReportReporter -->
<testsuite hostname="INFAR11357" name="Tests.Inputs.EditTextTest" tests="1" failures="0" timestamp="26 Apr 2018 08:25:39 GMT" time="13.729" errors="0">
  <testcase name="testTextBox" time="13.729" classname="Tests.Inputs.EditTextTest"/>
</testsuite> <!-- Tests.Inputs.EditTextTest -->
