<?xml version="1.0" encoding="UTF-8"?>
<!-- Generated by org.testng.reporters.JUnitReportReporter -->
<testsuite hostname="INFAR11357" name="Tests.Native.MediaPlayerTest" tests="1" failures="0" timestamp="26 Apr 2018 12:15:06 GMT" time="0.312" errors="0">
  <testcase name="testIfMediaPlayerIsPlaying" time="0.312" classname="Tests.Native.MediaPlayerTest"/>
</testsuite> <!-- Tests.Native.MediaPlayerTest -->
