<?xml version="1.0" encoding="UTF-8"?>
<!-- Generated by org.testng.reporters.JUnitReportReporter -->
<testsuite hostname="INFAR11357" name="Tests.Inputs.GesturesTest" tests="3" failures="0" timestamp="26 Apr 2018 09:35:32 GMT" time="4.791" errors="0">
  <testcase name="testFling" time="1.510" classname="Tests.Inputs.GesturesTest"/>
  <testcase name="testSinglePress" time="1.234" classname="Tests.Inputs.GesturesTest"/>
  <testcase name="testLongPress" time="2.047" classname="Tests.Inputs.GesturesTest"/>
</testsuite> <!-- Tests.Inputs.GesturesTest -->
