<?xml version="1.0" encoding="UTF-8"?>
<!-- Generated by org.testng.reporters.JUnitReportReporter -->
<testsuite hostname="INFAR11357" name="Tests.Native.CameraTest" tests="1" failures="0" timestamp="26 Apr 2018 12:11:03 GMT" time="0.265" errors="0">
  <testcase name="testCameraStatus" time="0.265" classname="Tests.Native.CameraTest"/>
</testsuite> <!-- Tests.Native.CameraTest -->
