<?xml version="1.0" encoding="UTF-8"?>
<!-- Generated by org.testng.reporters.JUnitReportReporter -->
<testsuite hostname="INFAR11357" name="Tests.Inputs.PullToRefreshTest" tests="1" failures="0" timestamp="26 Apr 2018 09:36:57 GMT" time="4.379" errors="0">
  <testcase name="testPullToRefresh" time="4.379" classname="Tests.Inputs.PullToRefreshTest"/>
</testsuite> <!-- Tests.Inputs.PullToRefreshTest -->
