<?xml version="1.0" encoding="UTF-8"?>
<!-- Generated by org.testng.reporters.JUnitReportReporter -->
<testsuite hostname="INFAR11357" name="Tests.Native.ImageGalleryTest" tests="1" failures="0" timestamp="26 Apr 2018 12:13:55 GMT" time="0.341" errors="0">
  <testcase name="checkIfImageGalleryDisplayed" time="0.341" classname="Tests.Native.ImageGalleryTest"/>
</testsuite> <!-- Tests.Native.ImageGalleryTest -->
