<?xml version="1.0" encoding="UTF-8"?>
<!-- Generated by org.testng.reporters.JUnitReportReporter -->
<testsuite hostname="INFAR11357" name="Tests.HomePageTest" tests="2" failures="0" timestamp="25 Apr 2018 12:15:23 GMT" time="1.354" errors="0">
  <testcase name="testHomePageSubheader" time="0.285" classname="Tests.HomePageTest"/>
  <testcase name="testHomePageHeadline" time="1.069" classname="Tests.HomePageTest"/>
</testsuite> <!-- Tests.HomePageTest -->
